---------------------------------------
Begin Slurm Prolog: Apr-10-2023 14:29:59
Job ID:    1618402
User ID:   skim3438
Account:   gts-hchoi387
Job name:  lb10ns1.0e0.2_106
Partition: cpu-medium
QOS:       embers
---------------------------------------

CommandNotFoundError: Your shell has not been properly configured to use 'conda deactivate'.
To initialize your shell, run

    $ conda init <SHELL_NAME>

Currently supported shells are:
  - bash
  - fish
  - tcsh
  - xonsh
  - zsh
  - powershell

See 'conda init --help' for more information and options.

IMPORTANT: You may need to close and restart your shell after running 'conda init'.


python: can't open file '/storage/scratch1/5/skim3438/CellTypeCircuit/newCode/data/lb10ns1.0e0.2/../../code/run_single_v2.py': [Errno 2] No such file or directory
---------------------------------------
Begin Slurm Epilog: Apr-10-2023 14:30:10
Job ID:        1618402
Array Job ID:  _4294967294
User ID:       skim3438
Account:       gts-hchoi387
Job name:      lb10ns1.0e0.2_106
Resources:     cpu=4,mem=64G,node=1
Rsrc Used:     cput=00:00:56,vmem=12K,walltime=00:00:14,mem=0,energy_used=0
Partition:     cpu-medium
QOS:           embers
Nodes:         atl1-1-03-004-3-2
---------------------------------------
